proguard/seeds.txt
com.example.aarya.AddTaskActivity
com.example.aarya.AddTaskActivity: AddTaskActivity()
com.example.aarya.AddTaskActivity: void viewFriends(android.view.View)
com.example.aarya.AddTaskActivity: void settime_task(android.view.View)
com.example.aarya.Common
com.example.aarya.Common: Common()
com.example.aarya.DataProvider
com.example.aarya.DataProvider: DataProvider()
com.example.aarya.FriendsListActivity
com.example.aarya.FriendsListActivity: FriendsListActivity()
com.example.aarya.GCMIntentService
com.example.aarya.GCMIntentService: GCMIntentService()
com.example.aarya.GcmBroadcastReceiver
com.example.aarya.GcmBroadcastReceiver: GcmBroadcastReceiver()
com.example.aarya.HomeActivity
com.example.aarya.HomeActivity: HomeActivity()
com.example.aarya.LogInActivity
com.example.aarya.LogInActivity: LogInActivity()
com.example.aarya.NetBroadcastReceiver
com.example.aarya.NetBroadcastReceiver: NetBroadcastReceiver()
com.example.aarya.NotifyService
com.example.aarya.NotifyService: NotifyService()
com.example.aarya.R$anim: int fadein
com.example.aarya.R$anim: int fadeout
com.example.aarya.R$anim: int slide_right
com.example.aarya.R$array: int arya_sidebar
com.example.aarya.R$attr: int adSize
com.example.aarya.R$attr: int adSizes
com.example.aarya.R$attr: int adUnitId
com.example.aarya.R$attr: int cameraBearing
com.example.aarya.R$attr: int cameraTargetLat
com.example.aarya.R$attr: int cameraTargetLng
com.example.aarya.R$attr: int cameraTilt
com.example.aarya.R$attr: int cameraZoom
com.example.aarya.R$attr: int mapType
com.example.aarya.R$attr: int uiCompass
com.example.aarya.R$attr: int uiRotateGestures
com.example.aarya.R$attr: int uiScrollGestures
com.example.aarya.R$attr: int uiTiltGestures
com.example.aarya.R$attr: int uiZoomControls
com.example.aarya.R$attr: int uiZoomGestures
com.example.aarya.R$attr: int useViewLifecycle
com.example.aarya.R$attr: int zOrderOnTop
com.example.aarya.R$color: int aqua
com.example.aarya.R$color: int black
com.example.aarya.R$color: int blue
com.example.aarya.R$color: int common_action_bar_splitter
com.example.aarya.R$color: int common_signin_btn_dark_text_default
com.example.aarya.R$color: int common_signin_btn_dark_text_disabled
com.example.aarya.R$color: int common_signin_btn_dark_text_focused
com.example.aarya.R$color: int common_signin_btn_dark_text_pressed
com.example.aarya.R$color: int common_signin_btn_default_background
com.example.aarya.R$color: int common_signin_btn_light_text_default
com.example.aarya.R$color: int common_signin_btn_light_text_disabled
com.example.aarya.R$color: int common_signin_btn_light_text_focused
com.example.aarya.R$color: int common_signin_btn_light_text_pressed
com.example.aarya.R$color: int common_signin_btn_text_dark
com.example.aarya.R$color: int common_signin_btn_text_light
com.example.aarya.R$color: int fuchsia
com.example.aarya.R$color: int gray
com.example.aarya.R$color: int green
com.example.aarya.R$color: int lime
com.example.aarya.R$color: int maroon
com.example.aarya.R$color: int navy
com.example.aarya.R$color: int olive
com.example.aarya.R$color: int purple
com.example.aarya.R$color: int red
com.example.aarya.R$color: int silver
com.example.aarya.R$color: int teal
com.example.aarya.R$color: int white
com.example.aarya.R$color: int yellow
com.example.aarya.R$dimen: int activity_horizontal_margin
com.example.aarya.R$dimen: int activity_vertical_margin
...
android.support.v4.app.BackStackState
android.support.v4.app.BackStackState: android.os.Parcelable$Creator CREATOR
android.support.v4.app.Fragment$SavedState
android.support.v4.app.Fragment$SavedState: android.os.Parcelable$Creator CREATOR
android.support.v4.app.FragmentActivity: FragmentActivity()
android.support.v4.app.FragmentManagerState
android.support.v4.app.FragmentManagerState: android.os.Parcelable$Creator CREATOR
android.support.v4.app.FragmentState
android.support.v4.app.FragmentState: android.os.Parcelable$Creator CREATOR
android.support.v4.app.FragmentTabHost: void setOnTabChangedListener(android.widget.TabHost$OnTabChangeListener)
android.support.v4.app.FragmentTabHost$SavedState
android.support.v4.app.FragmentTabHost$SavedState: android.os.Parcelable$Creator CREATOR
android.support.v4.content.ModernAsyncTask$Status: android.support.v4.content.ModernAsyncTask$Status[] values()
android.support.v4.content.ModernAsyncTask$Status: android.support.v4.content.ModernAsyncTask$Status valueOf(java.lang.String)
android.support.v4.view.PagerTabStrip: void setTabIndicatorColor(int)
android.support.v4.view.PagerTabStrip: void setTabIndicatorColorResource(int)
android.support.v4.view.PagerTabStrip: int getTabIndicatorColor()
android.support.v4.view.PagerTabStrip: void setTextSpacing(int)
android.support.v4.view.PagerTabStrip: void setBackgroundDrawable(android.graphics.drawable.Drawable)
android.support.v4.view.PagerTabStrip: void setBackgroundColor(int)
android.support.v4.view.PagerTabStrip: void setBackgroundResource(int)
android.support.v4.view.PagerTabStrip: void setDrawFullUnderline(boolean)
android.support.v4.view.PagerTabStrip: boolean getDrawFullUnderline()
android.support.v4.view.PagerTabStrip: int getMinHeight()
android.support.v4.view.PagerTitleStrip: void setSingleLineAllCaps(android.widget.TextView)
android.support.v4.view.PagerTitleStrip: void setTextSpacing(int)
android.support.v4.view.PagerTitleStrip: int getTextSpacing()
android.support.v4.view.PagerTitleStrip: void setNonPrimaryAlpha(float)
android.support.v4.view.PagerTitleStrip: void setTextColor(int)
android.support.v4.view.PagerTitleStrip: void setGravity(int)
android.support.v4.view.PagerTitleStrip: int getMinHeight()
android.support.v4.view.ViewPager: void setScrollState(int)
android.support.v4.view.ViewPager: void setAdapter(android.support.v4.view.PagerAdapter)
android.support.v4.view.ViewPager: android.support.v4.view.PagerAdapter getAdapter()
android.support.v4.view.ViewPager: void setOnAdapterChangeListener(android.support.v4.view.ViewPager$OnAdapterChangeListener)
android.support.v4.view.ViewPager: int getClientWidth()
android.support.v4.view.ViewPager: void setCurrentItem(int)
android.support.v4.view.ViewPager: int getCurrentItem()
android.support.v4.view.ViewPager: void setOnPageChangeListener(android.support.v4.view.ViewPager$OnPageChangeListener)
android.support.v4.view.ViewPager: void setChildrenDrawingOrderEnabledCompat(boolean)
android.support.v4.view.ViewPager: int getOffscreenPageLimit()
android.support.v4.view.ViewPager: void setOffscreenPageLimit(int)
android.support.v4.view.ViewPager: void setPageMargin(int)
android.support.v4.view.ViewPager: int getPageMargin()
android.support.v4.view.ViewPager: void setPageMarginDrawable(android.graphics.drawable.Drawable)
android.support.v4.view.ViewPager: void setPageMarginDrawable(int)
android.support.v4.view.ViewPager: void setScrollingCacheEnabled(boolean)
android.support.v4.view.ViewPager$SavedState
android.support.v4.view.ViewPager$SavedState: android.os.Parcelable$Creator CREATOR