proguard/mapping.txt
com.example.aarya.AddTaskActivity -> com.example.aarya.AddTaskActivity:
    com.example.aarya.AryaDBAdapter taskDBAdapter -> n
    java.util.Date taskDate -> p
    java.lang.String email2 -> o
    com.example.aarya.ScheduleClient scheduleClient -> q
    android.content.BroadcastReceiver registrationStatusReceiver -> r
    void onTimeSet(android.widget.TimePicker,int,int) -> onTimeSet
    void onCreate(android.os.Bundle) -> onCreate
    boolean onCreateOptionsMenu(android.view.Menu) -> onCreateOptionsMenu
    boolean onOptionsItemSelected(android.view.MenuItem) -> onOptionsItemSelected
    void viewFriends(android.view.View) -> viewFriends
    void onActivityResult(int,int,android.content.Intent) -> onActivityResult
    void settime_task(android.view.View) -> settime_task
    void cancel_task() -> e
    void save_task() -> f
    void onStop() -> onStop
    void send(com.example.aarya.aryaTaskItem) -> a
com.example.aarya.AddTaskActivity$1 -> com.example.aarya.a:
    com.example.aarya.AddTaskActivity this$0 -> a
    void onReceive(android.content.Context,android.content.Intent) -> onReceive
com.example.aarya.AddTaskActivity$2 -> com.example.aarya.b:
    com.example.aarya.AddTaskActivity this$0 -> a
    com.example.aarya.aryaTaskItem val$taskItem -> b
    java.lang.String doInBackground(java.lang.Void[]) -> a
    void onPostExecute(java.lang.String) -> a
    void onPostExecute(java.lang.Object) -> onPostExecute
    java.lang.Object doInBackground(java.lang.Object[]) -> doInBackground
com.example.aarya.AlarmTask -> com.example.aarya.c:
    java.util.Calendar date -> a
    android.app.AlarmManager am -> b
    android.content.Context context -> c
    void run() -> run
    void run(com.example.aarya.aryaTaskItem) -> a
com.example.aarya.AryaDBAdapter -> com.example.aarya.d:
    android.database.sqlite.SQLiteDatabase db -> a
    android.content.Context context -> b
    java.text.SimpleDateFormat dateFormat -> c
    com.example.aarya.AryaDBAdapter$AryaDBOpenHelper dbHelper -> d
    void open() -> a
    long insertFriend(java.lang.String) -> a
    android.database.Cursor getUsersFriends() -> b
    long insertTask(com.example.aarya.aryaTaskItem) -> a
    boolean removeTask(long) -> a
    boolean updateCloudId(long,java.lang.String) -> a
    boolean updateIsReminder(long,long) -> a
    android.database.Cursor getAllToDoItemsCursor() -> c
    android.database.Cursor getDayToDoItem() -> d
    android.database.Cursor getNotSyncedTasks() -> e
com.example.aarya.AryaDBAdapter$AryaDBOpenHelper -> com.example.aarya.e:
    void onCreate(android.database.sqlite.SQLiteDatabase) -> onCreate
    void onUpgrade(android.database.sqlite.SQLiteDatabase,int,int) -> onUpgrade
com.example.aarya.AryaTaskModel -> com.example.aarya.f:
    long taskLocalId -> a
    java.lang.String taskTitle -> b
    java.lang.String taskDate -> c
    java.lang.String taskFrom -> d
    java.lang.String taskTo -> e
com.example.aarya.CloudEndpointUtils -> com.example.aarya.g:
    com.google.api.client.googleapis.services.AbstractGoogleClient$Builder updateBuilder(com.google.api.client.googleapis.services.AbstractGoogleClient$Builder) -> a
com.example.aarya.CloudEndpointUtils$1 -> com.example.aarya.h:
    boolean val$enableGZip -> a
    void initialize(com.google.api.client.googleapis.services.AbstractGoogleClientRequest) -> a
com.example.aarya.Common -> com.example.aarya.Common:
    android.content.SharedPreferences prefs -> a
    void onCreate() -> onCreate
    java.util.List getEmailList() -> a
    boolean isOnline(android.content.Context) -> a
com.example.aarya.CommonUtilities -> com.example.aarya.i:
    android.content.Context ctx -> a
    void displayMessage(android.content.Context,java.lang.String) -> a
    void SyncTasks(android.content.Context) -> a
    void send(com.example.aarya.aryaTaskItem) -> a
...
com.google.android.gms.internal.ey -> com.google.android.gms.internal.ey:
    int kg -> b
    android.os.Parcel qy -> c
    int qz -> d
    com.google.android.gms.internal.ev qq -> e
    java.lang.String mClassName -> f
    int qA -> g
    int qB -> h
    com.google.android.gms.internal.ez CREATOR -> a
    int describeContents() -> describeContents
    void writeToParcel(android.os.Parcel,int) -> writeToParcel
    int getVersionCode() -> a
    android.os.Parcel cB() -> e
    com.google.android.gms.internal.ev cC() -> f
    java.util.HashMap cj() -> b
    java.lang.Object V(java.lang.String) -> a
    boolean W(java.lang.String) -> b
    java.lang.String toString() -> toString
    void a(java.lang.StringBuilder,java.util.HashMap,android.os.Parcel) -> a
    java.util.HashMap c(java.util.HashMap) -> a
    void a(java.lang.StringBuilder,java.lang.String,com.google.android.gms.internal.es$a,android.os.Parcel,int) -> a
    void a(java.lang.StringBuilder,com.google.android.gms.internal.es$a,android.os.Parcel,int) -> a
    void b(java.lang.StringBuilder,com.google.android.gms.internal.es$a,android.os.Parcel,int) -> b
    void b(java.lang.StringBuilder,com.google.android.gms.internal.es$a,java.lang.Object) -> a
    void b(java.lang.StringBuilder,com.google.android.gms.internal.es$a,java.util.ArrayList) -> a
    void a(java.lang.StringBuilder,int,java.lang.Object) -> a
    java.util.HashMap c(android.os.Bundle) -> a
com.google.android.gms.internal.ez -> com.google.android.gms.internal.bp:
    com.google.android.gms.internal.ey x(android.os.Parcel) -> a
    com.google.android.gms.internal.ey[] V(int) -> a
    void a(com.google.android.gms.internal.ey,android.os.Parcel,int) -> a
    java.lang.Object[] newArray(int) -> newArray
    java.lang.Object createFromParcel(android.os.Parcel) -> createFromParcel
com.google.android.gms.internal.fa -> com.google.android.gms.internal.bq:
    void a(java.lang.StringBuilder,java.lang.Object[]) -> a
    void a(java.lang.StringBuilder,int[]) -> a
    void a(java.lang.StringBuilder,long[]) -> a
    void a(java.lang.StringBuilder,float[]) -> a
    void a(java.lang.StringBuilder,double[]) -> a
    void a(java.lang.StringBuilder,boolean[]) -> a
    void a(java.lang.StringBuilder,java.lang.String[]) -> a
com.google.android.gms.internal.fb -> com.google.android.gms.internal.br:
    java.lang.String b(byte[]) -> a
    java.lang.String c(byte[]) -> b
com.google.android.gms.internal.fd -> com.google.android.gms.internal.bs:
    boolean W(int) -> a
com.google.android.gms.internal.fe -> com.google.android.gms.internal.bt:
    java.util.regex.Pattern qC -> a
    java.util.regex.Pattern qD -> b
    java.lang.String aa(java.lang.String) -> a
com.google.android.gms.internal.ff -> com.google.android.gms.internal.bu:
    void a(java.lang.StringBuilder,java.util.HashMap) -> a
com.google.android.gms.internal.fg -> com.google.android.gms.internal.bv:
    boolean cD() -> a
    boolean cF() -> b
    boolean cI() -> c
    boolean X(int) -> a
com.google.android.gms.internal.fh -> com.google.android.gms.internal.bw:
    com.google.android.gms.drive.metadata.MetadataField rG -> a
    com.google.android.gms.drive.metadata.MetadataField TITLE -> b
    com.google.android.gms.drive.metadata.MetadataField MIME_TYPE -> c
    com.google.android.gms.drive.metadata.MetadataField STARRED -> d
    com.google.android.gms.drive.metadata.MetadataField TRASHED -> e
    com.google.android.gms.drive.metadata.MetadataField rH -> f
    com.google.android.gms.drive.metadata.MetadataField rI -> g
    com.google.android.gms.drive.metadata.CollectionMetadataField PARENTS -> h
com.google.android.gms.internal.fh$1 -> com.google.android.gms.internal.bx: