proguard/usage.txt
com.example.aarya.AddTaskActivity:
    public static final java.lang.String MYPREFF
com.example.aarya.AryaDBAdapter:
    private static final java.lang.String DATABASE_NAME
    private static final java.lang.String DATABASE_TABLE
    private static final java.lang.String FRIENDSLIST_TABLE
    private static final int DATABASE_VERSION
    public static final java.lang.String KEY_ID
    public static final int TASK_ID_COLUMN
    public static final java.lang.String KEY_TASK
    public static final int TASK_COLUMN
    public static final java.lang.String KEY_TASK_DATE
    public static final int TASK_DATE_COLUMN
    public static final java.lang.String KEY_TASK_TO
    public static final int TASK_TO_COLUMN
    public static final java.lang.String KEY_TASK_FROM
    public static final int TASK_FROM_COLUMN
    public static final java.lang.String KEY_CLOUDID
    public static final int TASK_CLOUDID
    public static final java.lang.String KEY_ISREMINDER
    public static final int TASK_ISREMINDER_COLUMN
    public static final java.lang.String KEY_FRIENDSID
    public static final int FRIENDS_ID_COLUMN
    public static final java.lang.String KEY_MAIL
    public static final int MAIL_COLUMN
    65:66:public void close()
    90:90:public boolean removeFriend(long)
    133:135:public boolean updateTask(long,java.lang.String)
    166:170:public android.database.Cursor setCursorToDoItem(long)
    174:187:public com.example.aarya.aryaTaskItem getToDoItem(long)
com.example.aarya.AryaDBAdapter$AryaDBOpenHelper:
    private static final java.lang.String TASKTABLE_CREATE
    private static final java.lang.String FRIENDSTABLE_CREATE
com.example.aarya.BuildConfig
com.example.aarya.CloudEndpointUtils:
    protected static final boolean LOCAL_ANDROID_RUN
    protected static final java.lang.String LOCAL_APP_ENGINE_SERVER_URL
    protected static final java.lang.String LOCAL_APP_ENGINE_SERVER_URL_FOR_ANDROID
    26:26:public CloudEndpointUtils()
    93:95:public static void logAndShow(android.app.Activity,java.lang.String,java.lang.String)
    109:121:public static void logAndShow(android.app.Activity,java.lang.String,java.lang.Throwable)
    132:140:public static void showError(android.app.Activity,java.lang.String)
com.example.aarya.CloudEndpointUtils$2
com.example.aarya.Common:
    public static java.lang.String[] email_arr
    22:22:public static java.lang.String getPreferredEmail()
    26:27:public static java.lang.String getDisplayName()
    31:31:public static boolean isNotify()
    35:35:public static java.lang.String getRingtone()
    39:39:public static java.lang.String getServerUrl()
    43:43:public static java.lang.String getSenderId()
com.example.aarya.CommonUtilities:
    static final java.lang.String SERVER_URL
    static final java.lang.String SENDER_ID
    static final java.lang.String TAG
    static final java.lang.String DISPLAY_MESSAGE_ACTION
    static final java.lang.String EXTRA_MESSAGE
    15:15:public CommonUtilities()
com.example.aarya.Constants
com.example.aarya.DataProvider:
    public static final java.lang.String COL_ID
    public static final java.lang.String TABLE_MESSAGES
    public static final java.lang.String COL_MSG
    public static final java.lang.String COL_DATE
    public static final java.lang.String COL_FROM
    public static final java.lang.String COL_TO
    public static final java.lang.String COL_AT
    public static final java.lang.String COL_LOCALID
    public static final java.lang.String COL_CLOUDID
    public static final java.lang.String TABLE_PROFILE
    public static final java.lang.String COL_NAME
    public static final java.lang.String COL_EMAIL
    public static final java.lang.String COL_COUNT
    private static final int MESSAGES_ALLROWS
    private static final int MESSAGES_SINGLE_ROW
    private static final int PROFILE_ALLROWS
    private static final int PROFILE_SINGLE_ROW
...
org.codehaus.jackson.JsonToken:
    145:145:public char[] asCharArray()
    146:146:public byte[] asByteArray()
    149:149:public boolean isNumeric()
    159:159:public boolean isScalarValue()
org.codehaus.jackson.ObjectCodec:
    19:19:protected ObjectCodec()
    public abstract java.lang.Object readValue(org.codehaus.jackson.JsonParser,java.lang.Class)
    public abstract java.lang.Object readValue(org.codehaus.jackson.JsonParser,org.codehaus.jackson.type.TypeReference)
    public abstract java.lang.Object readValue(org.codehaus.jackson.JsonParser,org.codehaus.jackson.type.JavaType)
    public abstract org.codehaus.jackson.JsonNode readTree(org.codehaus.jackson.JsonParser)
    public abstract java.util.Iterator readValues(org.codehaus.jackson.JsonParser,java.lang.Class)
    public abstract java.util.Iterator readValues(org.codehaus.jackson.JsonParser,org.codehaus.jackson.type.TypeReference)
    public abstract java.util.Iterator readValues(org.codehaus.jackson.JsonParser,org.codehaus.jackson.type.JavaType)
    public abstract void writeValue(org.codehaus.jackson.JsonGenerator,java.lang.Object)
    public abstract void writeTree(org.codehaus.jackson.JsonGenerator,org.codehaus.jackson.JsonNode)
    public abstract org.codehaus.jackson.JsonNode createObjectNode()
    public abstract org.codehaus.jackson.JsonNode createArrayNode()
    public abstract org.codehaus.jackson.JsonParser treeAsTokens(org.codehaus.jackson.JsonNode)
    public abstract java.lang.Object treeToValue(org.codehaus.jackson.JsonNode,java.lang.Class)
org.codehaus.jackson.SerializableString:
    public abstract int charLength()
    public abstract char[] asQuotedChars()
    public abstract byte[] asQuotedUTF8()
org.codehaus.jackson.Version
org.codehaus.jackson.Versioned
org.codehaus.jackson.annotate.JacksonAnnotation
org.codehaus.jackson.annotate.JsonAnyGetter
org.codehaus.jackson.annotate.JsonAnySetter
org.codehaus.jackson.annotate.JsonAutoDetect
org.codehaus.jackson.annotate.JsonAutoDetect$1
org.codehaus.jackson.annotate.JsonAutoDetect$Visibility
org.codehaus.jackson.annotate.JsonBackReference
org.codehaus.jackson.annotate.JsonCreator
org.codehaus.jackson.annotate.JsonGetter
org.codehaus.jackson.annotate.JsonIgnore
org.codehaus.jackson.annotate.JsonIgnoreProperties
org.codehaus.jackson.annotate.JsonIgnoreType
org.codehaus.jackson.annotate.JsonManagedReference
org.codehaus.jackson.annotate.JsonMethod
org.codehaus.jackson.annotate.JsonProperty
org.codehaus.jackson.annotate.JsonPropertyOrder
org.codehaus.jackson.annotate.JsonRawValue
org.codehaus.jackson.annotate.JsonSetter
org.codehaus.jackson.annotate.JsonSubTypes
org.codehaus.jackson.annotate.JsonSubTypes$Type
org.codehaus.jackson.annotate.JsonTypeInfo
org.codehaus.jackson.annotate.JsonTypeInfo$As
org.codehaus.jackson.annotate.JsonTypeInfo$Id
org.codehaus.jackson.annotate.JsonTypeInfo$None
org.codehaus.jackson.annotate.JsonTypeName
org.codehaus.jackson.annotate.JsonUnwrapped
org.codehaus.jackson.annotate.JsonValue
org.codehaus.jackson.annotate.JsonWriteNullProperties
org.codehaus.jackson.format.DataFormatDetector
org.codehaus.jackson.format.DataFormatMatcher
org.codehaus.jackson.format.InputAccessor
org.codehaus.jackson.format.InputAccessor$Std
org.codehaus.jackson.format.MatchStrength
org.codehaus.jackson.impl.ByteSourceBootstrapper:
    static final byte UTF8_BOM_1
    static final byte UTF8_BOM_2
    static final byte UTF8_BOM_3
    95:104:public ByteSourceBootstrapper(org.codehaus.jackson.io.IOContext,byte[],int,int)
    260:341:public static org.codehaus.jackson.format.MatchStrength hasJSONFormat(org.codehaus.jackson.format.InputAccessor)
    347:355:private static final org.codehaus.jackson.format.MatchStrength tryMatch(org.codehaus.jackson.format.InputAccessor,java.lang.String,org.codehaus.jackson.format.MatchStrength)
    360:363:private static final int skipSpace(org.codehaus.jackson.format.InputAccessor)
    369:378:private static final int skipSpace(org.codehaus.jackson.format.InputAccessor,byte)